
==================================================
    php-waifu2x-api by michioxd
    Start upscale at 2023-06-04 20:22:39
    Input: C:\xampp\htdocs\translator\uploads/INPUT
    Output: C:\xampp\htdocs\translator\uploads/OUTPUT
    Total file in input folder: 2
==================================================

==================================================
    php-waifu2x-api by michioxd
    Start upscale at 2023-06-04 20:36:46
    Input: C:\xampp\htdocs\translator\uploads/INPUT
    Output: C:\xampp\htdocs\translator\uploads/OUTPUT
    Total file in input folder: 2
==================================================

==================================================
    php-waifu2x-api by michioxd
    Start upscale at 2023-06-04 20:39:58
    Input: C:\xampp\htdocs\translator\uploads/INPUT
    Output: C:\xampp\htdocs\translator\uploads/OUTPUT
    Total file in input folder: 2
==================================================

==================================================
    php-waifu2x-api by michioxd
    Start upscale at 2023-06-04 20:44:16
    Input: C:\xampp\htdocs\translator\uploads/INPUT
    Output: C:\xampp\htdocs\translator\uploads/OUTPUT
    Total file in input folder: 2
==================================================

==================================================
    php-waifu2x-api by michioxd
    Start upscale at 2023-06-04 20:45:57
    Input: C:\xampp\htdocs\translator\uploads/INPUT
    Output: C:\xampp\htdocs\translator\uploads/OUTPUT
    Total file in input folder: 2
==================================================

==================================================
    php-waifu2x-api by michioxd
    Start upscale at 2023-06-04 20:48:13
    Input: C:\xampp\htdocs\translator\uploads/INPUT
    Output: C:\xampp\htdocs\translator\uploads/OUTPUT
    Total file in input folder: 2
==================================================

==================================================
    php-waifu2x-api by michioxd
    Start upscale at 2023-06-04 20:51:31
    Input: C:\xampp\htdocs\translator\uploads/INPUT
    Output: C:\xampp\htdocs\translator\uploads/OUTPUT
    Total file in input folder: 1
==================================================
